C:\PROGRAMDATA\BROWSER MANAGER\2.6.1125.80\{D1538445-EBD9-4C43-882A-854EFF8D928C}\BRWMNGR.SETTINGS
C:\PROGRAMDATA\BROWSER MANAGER\2.6.1125.80\{D1538445-EBD9-4C43-882A-854EFF8D928C}\TRAKING_SETTINGS\00
C:\PROGRAMDATA\BROWSER MANAGER\2.6.1125.80\{D1538445-EBD9-4C43-882A-854EFF8D928C}\TRAKING_SETTINGS\01
C:\PROGRAMDATA\BROWSER MANAGER\2.6.1125.80\{D1538445-EBD9-4C43-882A-854EFF8D928C}\TRAKING_SETTINGS\02
C:\PROGRAMDATA\BROWSER MANAGER\2.6.1125.80\{D1538445-EBD9-4C43-882A-854EFF8D928C}\TRAKING_SETTINGS\03
C:\PROGRAMDATA\BROWSER MANAGER\2.6.1125.80\{D1538445-EBD9-4C43-882A-854EFF8D928C}\TRAKING_SETTINGS\10
C:\PROGRAMDATA\BROWSER MANAGER\2.6.1125.80\{D1538445-EBD9-4C43-882A-854EFF8D928C}\TRAKING_SETTINGS\11
C:\PROGRAMDATA\BROWSER MANAGER\2.6.1125.80\{D1538445-EBD9-4C43-882A-854EFF8D928C}\TRAKING_SETTINGS\12
C:\PROGRAMDATA\BROWSER MANAGER\2.6.1125.80\{D1538445-EBD9-4C43-882A-854EFF8D928C}\TRAKING_SETTINGS\13
C:\PROGRAMDATA\BROWSER MANAGER\2.6.1125.80\{D1538445-EBD9-4C43-882A-854EFF8D928C}\TRAKING_SETTINGS\20
C:\PROGRAMDATA\BROWSER MANAGER\2.6.1125.80\{D1538445-EBD9-4C43-882A-854EFF8D928C}\TRAKING_SETTINGS\21
C:\PROGRAMDATA\BROWSER MANAGER\2.6.1125.80\{D1538445-EBD9-4C43-882A-854EFF8D928C}\TRAKING_SETTINGS\22
C:\PROGRAMDATA\BROWSER MANAGER\2.6.1125.80\{D1538445-EBD9-4C43-882A-854EFF8D928C}\TRAKING_SETTINGS\23
C:\USERS\GILLIUM\DOCUMENTS\DWC\SPRING 2013\CS218\SORTER\DEBUG\SORTER.EXE
C:\USERS\GILLIUM\DOCUMENTS\DWC\SPRING 2013\CS218\SORTER\DEBUG\SORTER.ILK
C:\USERS\GILLIUM\DOCUMENTS\DWC\SPRING 2013\CS218\SORTER\DEBUG\SORTER.PDB
C:\Users\Gillium\Documents\DWC\Spring 2013\cs218\Sorter\Sorter\Debug\cl.command.1.tlog
C:\Users\Gillium\Documents\DWC\Spring 2013\cs218\Sorter\Sorter\Debug\CL.read.1.tlog
C:\Users\Gillium\Documents\DWC\Spring 2013\cs218\Sorter\Sorter\Debug\CL.write.1.tlog
C:\Users\Gillium\Documents\DWC\Spring 2013\cs218\Sorter\Sorter\Debug\link.command.1.tlog
C:\Users\Gillium\Documents\DWC\Spring 2013\cs218\Sorter\Sorter\Debug\link.read.1.tlog
C:\Users\Gillium\Documents\DWC\Spring 2013\cs218\Sorter\Sorter\Debug\link.write.1.tlog
C:\Users\Gillium\Documents\DWC\Spring 2013\cs218\Sorter\Sorter\Debug\link-cvtres.read.1.tlog
C:\Users\Gillium\Documents\DWC\Spring 2013\cs218\Sorter\Sorter\Debug\link-cvtres.write.1.tlog
C:\USERS\GILLIUM\DOCUMENTS\DWC\SPRING 2013\CS218\SORTER\SORTER\DEBUG\MERGESORTER.OBJ
C:\Users\Gillium\Documents\DWC\Spring 2013\cs218\Sorter\Sorter\Debug\mt.command.1.tlog
C:\Users\Gillium\Documents\DWC\Spring 2013\cs218\Sorter\Sorter\Debug\mt.read.1.tlog
C:\Users\Gillium\Documents\DWC\Spring 2013\cs218\Sorter\Sorter\Debug\mt.write.1.tlog
C:\USERS\GILLIUM\DOCUMENTS\DWC\SPRING 2013\CS218\SORTER\SORTER\DEBUG\QUICKSORTER.OBJ
C:\USERS\GILLIUM\DOCUMENTS\DWC\SPRING 2013\CS218\SORTER\SORTER\DEBUG\RADIXSORTER.OBJ
C:\Users\Gillium\Documents\DWC\Spring 2013\cs218\Sorter\Sorter\Debug\rc.command.1.tlog
C:\Users\Gillium\Documents\DWC\Spring 2013\cs218\Sorter\Sorter\Debug\rc.read.1.tlog
C:\Users\Gillium\Documents\DWC\Spring 2013\cs218\Sorter\Sorter\Debug\rc.write.1.tlog
C:\USERS\GILLIUM\DOCUMENTS\DWC\SPRING 2013\CS218\SORTER\SORTER\DEBUG\SORTER.EXE.EMBED.MANIFEST
C:\USERS\GILLIUM\DOCUMENTS\DWC\SPRING 2013\CS218\SORTER\SORTER\DEBUG\SORTER.EXE.EMBED.MANIFEST.RES
C:\USERS\GILLIUM\DOCUMENTS\DWC\SPRING 2013\CS218\SORTER\SORTER\DEBUG\SORTER.EXE.INTERMEDIATE.MANIFEST
C:\Users\Gillium\Documents\DWC\Spring 2013\cs218\Sorter\Sorter\Debug\Sorter_manifest.rc
C:\USERS\GILLIUM\DOCUMENTS\DWC\SPRING 2013\CS218\SORTER\SORTER\DEBUG\SORTERDRIVER.OBJ
C:\Users\Gillium\Documents\DWC\Spring 2013\cs218\Sorter\Sorter\Debug\vc100.idb
C:\USERS\GILLIUM\DOCUMENTS\DWC\SPRING 2013\CS218\SORTER\SORTER\DEBUG\VC100.PDB
